<?xml version="1.0" encoding="UTF-8"?>
<testsuite name="spock.DemoSpec" tests="6" skipped="0" failures="0" errors="0" timestamp="2019-07-30T13:23:47" hostname="ATLANTISPC-1185" time="0.093">
  <properties/>
  <testcase name="API to get name" classname="spock.DemoSpec" time="0.033"/>
  <testcase name="API to save user" classname="spock.DemoSpec" time="0.001"/>
  <testcase name="API to set name" classname="spock.DemoSpec" time="0.001"/>
  <testcase name="API to set name -negative" classname="spock.DemoSpec" time="0.005"/>
  <testcase name="API to get user id" classname="spock.DemoSpec" time="0.05"/>
  <testcase name="API to print all params" classname="spock.DemoSpec" time="0.002"/>
  <system-out><![CDATA[First Name
Middle Name
Last Name
]]></system-out>
  <system-err><![CDATA[Jul 30, 2019 9:23:47 AM org.codehaus.groovy.runtime.callsite.PojoMetaMethodSite$PojoCachedMethodSiteNoUnwrap invoke
INFO: Configuring com.athaydes.spockframework.report.SpockReportExtension
Jul 30, 2019 9:23:47 AM org.codehaus.groovy.runtime.callsite.PojoMetaMethodSite$PojoCachedMethodSiteNoUnwrap invoke
INFO: SpockReports config loaded: [com.athaydes.spockframework.report.template.TemplateReportCreator.reportFileExtension:md, com.athaydes.spockframework.report.template.TemplateReportCreator.specTemplateFile:/templateReportCreator/spec-template.md, com.athaydes.spockframework.report.IReportCreator:com.athaydes.spockframework.report.internal.HtmlReportCreator, com.athaydes.spockframework.report.template.TemplateReportCreator.summaryTemplateFile:/templateReportCreator/summary-template.md, com.athaydes.spockframework.report.internal.HtmlReportCreator.summaryReportCss:spock-summary-report.css, com.athaydes.spockframework.report.template.TemplateReportCreator.summaryFileName:summary.md, com.athaydes.spockframework.report.internal.HtmlReportCreator.featureReportCss:spock-feature-report.css, com.athaydes.spockframework.report.hideEmptyBlocks:false, com.athaydes.spockframework.report.outputDir:build/spock-reports]
Jul 30, 2019 9:23:47 AM org.codehaus.groovy.runtime.callsite.PojoMetaMethodSite$PojoCachedMethodSiteNoUnwrap invoke
INFO: Loading settings for reportCreator of type com.athaydes.spockframework.report.internal.HtmlReportCreator
]]></system-err>
</testsuite>
